mode: set
github.com/flyteorg/flytectl/pkg/filters/filters.go:18.41,19.18 1 1
github.com/flyteorg/flytectl/pkg/filters/filters.go:22.2,22.19 1 1
github.com/flyteorg/flytectl/pkg/filters/filters.go:19.18,21.3 1 1
github.com/flyteorg/flytectl/pkg/filters/filters.go:26.50,28.28 2 1
github.com/flyteorg/flytectl/pkg/filters/filters.go:47.2,47.25 1 1
github.com/flyteorg/flytectl/pkg/filters/filters.go:28.28,29.39 1 1
github.com/flyteorg/flytectl/pkg/filters/filters.go:29.39,31.18 2 1
github.com/flyteorg/flytectl/pkg/filters/filters.go:34.4,34.36 1 1
github.com/flyteorg/flytectl/pkg/filters/filters.go:31.18,33.5 1 1
github.com/flyteorg/flytectl/pkg/filters/filters.go:34.36,36.29 2 1
github.com/flyteorg/flytectl/pkg/filters/filters.go:36.29,38.6 1 1
github.com/flyteorg/flytectl/pkg/filters/filters.go:38.11,40.6 1 1
github.com/flyteorg/flytectl/pkg/filters/filters.go:41.10,44.5 1 1
github.com/flyteorg/flytectl/pkg/filters/filters.go:51.37,53.34 1 1
github.com/flyteorg/flytectl/pkg/filters/filters.go:56.2,56.14 1 1
github.com/flyteorg/flytectl/pkg/filters/filters.go:53.34,55.3 1 1
github.com/flyteorg/flytectl/pkg/filters/filters.go:64.47,66.2 1 0
github.com/flyteorg/flytectl/pkg/filters/filters.go:70.46,72.36 1 1
github.com/flyteorg/flytectl/pkg/filters/filters.go:76.2,78.22 3 1
github.com/flyteorg/flytectl/pkg/filters/filters.go:104.2,104.13 1 1
github.com/flyteorg/flytectl/pkg/filters/filters.go:108.2,108.24 1 1
github.com/flyteorg/flytectl/pkg/filters/filters.go:72.36,74.3 1 1
github.com/flyteorg/flytectl/pkg/filters/filters.go:78.22,79.14 1 1
github.com/flyteorg/flytectl/pkg/filters/filters.go:92.3,92.12 1 1
github.com/flyteorg/flytectl/pkg/filters/filters.go:79.14,80.13 1 1
github.com/flyteorg/flytectl/pkg/filters/filters.go:88.4,89.12 2 1
github.com/flyteorg/flytectl/pkg/filters/filters.go:81.24,83.19 1 1
github.com/flyteorg/flytectl/pkg/filters/filters.go:84.12,86.72 1 0
github.com/flyteorg/flytectl/pkg/filters/filters.go:93.13,94.18 1 1
github.com/flyteorg/flytectl/pkg/filters/filters.go:95.17,97.34 1 0
github.com/flyteorg/flytectl/pkg/filters/filters.go:98.11,99.18 1 1
github.com/flyteorg/flytectl/pkg/filters/filters.go:104.13,106.3 1 1
github.com/flyteorg/flytectl/pkg/filters/filters.go:116.39,118.2 1 0
github.com/flyteorg/flytectl/pkg/filters/filters.go:121.58,122.24 1 1
github.com/flyteorg/flytectl/pkg/filters/filters.go:144.2,144.26 1 1
github.com/flyteorg/flytectl/pkg/filters/filters.go:122.24,125.36 3 1
github.com/flyteorg/flytectl/pkg/filters/filters.go:125.36,126.22 1 1
github.com/flyteorg/flytectl/pkg/filters/filters.go:126.22,127.40 1 1
github.com/flyteorg/flytectl/pkg/filters/filters.go:127.40,130.6 2 1
github.com/flyteorg/flytectl/pkg/filters/filters.go:131.10,131.23 1 1
github.com/flyteorg/flytectl/pkg/filters/filters.go:131.23,132.34 1 1
github.com/flyteorg/flytectl/pkg/filters/filters.go:132.34,136.6 3 1
github.com/flyteorg/flytectl/pkg/filters/filters.go:137.10,138.41 1 1
github.com/flyteorg/flytectl/pkg/filters/filters.go:138.41,140.6 1 1
github.com/flyteorg/flytectl/pkg/filters/filters.go:148.44,149.12 1 1
github.com/flyteorg/flytectl/pkg/filters/filters.go:167.2,167.11 1 1
github.com/flyteorg/flytectl/pkg/filters/filters.go:150.25,151.45 1 1
github.com/flyteorg/flytectl/pkg/filters/filters.go:152.22,153.45 1 1
github.com/flyteorg/flytectl/pkg/filters/filters.go:154.19,155.44 1 1
github.com/flyteorg/flytectl/pkg/filters/filters.go:156.16,157.44 1 1
github.com/flyteorg/flytectl/pkg/filters/filters.go:158.16,159.50 1 1
github.com/flyteorg/flytectl/pkg/filters/filters.go:160.17,161.44 1 1
github.com/flyteorg/flytectl/pkg/filters/filters.go:162.14,163.44 1 1
github.com/flyteorg/flytectl/pkg/filters/filters.go:164.10,165.50 1 1
github.com/flyteorg/flytectl/pkg/filters/util.go:7.116,9.16 2 1
github.com/flyteorg/flytectl/pkg/filters/util.go:12.2,20.19 2 1
github.com/flyteorg/flytectl/pkg/filters/util.go:23.2,23.49 1 1
github.com/flyteorg/flytectl/pkg/filters/util.go:26.2,26.21 1 1
github.com/flyteorg/flytectl/pkg/filters/util.go:9.16,11.3 1 1
github.com/flyteorg/flytectl/pkg/filters/util.go:20.19,22.3 1 1
github.com/flyteorg/flytectl/pkg/filters/util.go:23.49,25.3 1 1
github.com/flyteorg/flytectl/pkg/filters/util.go:29.76,31.16 2 1
github.com/flyteorg/flytectl/pkg/filters/util.go:34.2,39.21 2 1
github.com/flyteorg/flytectl/pkg/filters/util.go:31.16,33.3 1 1
github.com/flyteorg/flytectl/pkg/filters/util.go:42.49,44.11 2 1
github.com/flyteorg/flytectl/pkg/filters/util.go:47.2,50.3 1 1
github.com/flyteorg/flytectl/pkg/filters/util.go:44.11,46.3 1 1
